<?xml version="1.0" encoding="UTF-8"?>
<!-- Generated by org.testng.reporters.JUnitXMLReporter -->
<testsuite ignored="2" hostname="DESKTOP-01S0H3O" failures="0" tests="1" name="Default test" time="29.016" errors="0" timestamp="2025-03-13T12:46:47 IST">
  <testcase classname="testCasesTrainBookingFunctionality.TrainSearchToCheckout" name="Script003TrainBookingCheckout" time="25.014"/>
  <testcase classname="testCasesTrainBookingFunctionality.TrainSearchToCheckout" name="Script001Serch" time="0.0">
    <ignored/>
  </testcase> <!-- Script001Serch -->
  <testcase classname="testCasesTrainBookingFunctionality.TrainSearchToCheckout" name="Script002TrainList" time="0.0">
    <ignored/>
  </testcase> <!-- Script002TrainList -->
</testsuite> <!-- Default test -->
