<?xml version="1.0" encoding="UTF-8"?>
<!-- Generated by org.testng.reporters.JUnitXMLReporter -->
<testsuite ignored="0" hostname="DESKTOP-01S0H3O" failures="0" tests="3" name="Test" time="56.279" errors="0" timestamp="2025-03-13T09:55:31 IST">
  <testcase classname="testCasesTrainBookingFunctionality.TrainSearchToCheckout" name="Script001Serch" time="14.972"/>
  <testcase classname="testCasesTrainBookingFunctionality.TrainSearchToCheckout" name="Script002TrainList" time="15.479"/>
  <testcase classname="testCasesTrainBookingFunctionality.TrainSearchToCheckout" name="Script003TrainBookingCheckout" time="19.219"/>
</testsuite> <!-- Test -->
