<?xml version="1.0" encoding="UTF-8"?>
<!-- Generated by org.testng.reporters.JUnitXMLReporter -->
<testsuite ignored="0" hostname="DESKTOP-01S0H3O" failures="0" tests="3" name="Test" time="63.992" errors="0" timestamp="2025-03-13T13:07:04 IST">
  <testcase classname="testCasesTrainBookingFunctionality.TrainSearchToCheckout" name="Script001Serch" time="16.888"/>
  <testcase classname="testCasesTrainBookingFunctionality.TrainSearchToCheckout" name="Script002TrainList" time="16.971"/>
  <testcase classname="testCasesTrainBookingFunctionality.TrainSearchToCheckout" name="Script003TrainBookingCheckout" time="20.31"/>
</testsuite> <!-- Test -->
