<?xml version="1.0" encoding="UTF-8"?>
<testng-results ignored="0" total="1" passed="1" failed="0" skipped="0">
  <reporter-output>
  </reporter-output>
  <suite started-at="2025-02-08T19:18:12 IST" name="Suite" finished-at="2025-02-08T19:18:31 IST" duration-ms="18591">
    <groups>
    </groups>
    <test started-at="2025-02-08T19:18:12 IST" name="Test" finished-at="2025-02-08T19:18:31 IST" duration-ms="18591">
      <class name="testCasesHotelBookingFunctionality.Case1">
        <test-method is-config="true" signature="bs()[pri:0, instance:testCasesHotelBookingFunctionality.Case1@689604d9]" started-at="2025-02-08T19:18:12 IST" name="bs" finished-at="2025-02-08T19:18:12 IST" duration-ms="6" status="PASS">
          <reporter-output>
          </reporter-output>
        </test-method> <!-- bs -->
        <test-method is-config="true" signature="bt()[pri:0, instance:testCasesHotelBookingFunctionality.Case1@689604d9]" started-at="2025-02-08T19:18:12 IST" name="bt" finished-at="2025-02-08T19:18:12 IST" duration-ms="0" status="PASS">
          <reporter-output>
          </reporter-output>
        </test-method> <!-- bt -->
        <test-method is-config="true" signature="bc()[pri:0, instance:testCasesHotelBookingFunctionality.Case1@689604d9]" started-at="2025-02-08T19:18:12 IST" name="bc" finished-at="2025-02-08T19:18:12 IST" duration-ms="0" status="PASS">
          <reporter-output>
          </reporter-output>
        </test-method> <!-- bc -->
        <test-method is-config="true" signature="bm()[pri:0, instance:testCasesHotelBookingFunctionality.Case1@689604d9]" started-at="2025-02-08T19:18:12 IST" name="bm" finished-at="2025-02-08T19:18:16 IST" duration-ms="3264" status="PASS">
          <reporter-output>
          </reporter-output>
        </test-method> <!-- bm -->
        <test-method signature="Script()[pri:0, instance:testCasesHotelBookingFunctionality.Case1@689604d9]" started-at="2025-02-08T19:18:16 IST" name="Script" finished-at="2025-02-08T19:18:30 IST" duration-ms="14819" status="PASS">
          <reporter-output>
          </reporter-output>
        </test-method> <!-- Script -->
        <test-method is-config="true" signature="am()[pri:0, instance:testCasesHotelBookingFunctionality.Case1@689604d9]" started-at="2025-02-08T19:18:30 IST" name="am" finished-at="2025-02-08T19:18:31 IST" duration-ms="483" status="PASS">
          <reporter-output>
          </reporter-output>
        </test-method> <!-- am -->
        <test-method is-config="true" signature="ac()[pri:0, instance:testCasesHotelBookingFunctionality.Case1@689604d9]" started-at="2025-02-08T19:18:31 IST" name="ac" finished-at="2025-02-08T19:18:31 IST" duration-ms="0" status="PASS">
          <reporter-output>
          </reporter-output>
        </test-method> <!-- ac -->
        <test-method is-config="true" signature="at()[pri:0, instance:testCasesHotelBookingFunctionality.Case1@689604d9]" started-at="2025-02-08T19:18:31 IST" name="at" finished-at="2025-02-08T19:18:31 IST" duration-ms="0" status="PASS">
          <reporter-output>
          </reporter-output>
        </test-method> <!-- at -->
        <test-method is-config="true" signature="as()[pri:0, instance:testCasesHotelBookingFunctionality.Case1@689604d9]" started-at="2025-02-08T19:18:31 IST" name="as" finished-at="2025-02-08T19:18:31 IST" duration-ms="0" status="PASS">
          <reporter-output>
          </reporter-output>
        </test-method> <!-- as -->
      </class> <!-- testCasesHotelBookingFunctionality.Case1 -->
    </test> <!-- Test -->
  </suite> <!-- Suite -->
</testng-results>
