<?xml version="1.0" encoding="UTF-8"?>
<testng-results ignored="2" total="3" passed="1" failed="0" skipped="0">
  <reporter-output>
  </reporter-output>
  <suite started-at="2025-03-13T12:46:17 IST" name="Default suite" finished-at="2025-03-13T12:46:46 IST" duration-ms="29016">
    <groups>
    </groups>
    <test started-at="2025-03-13T12:46:17 IST" name="Default test" finished-at="2025-03-13T12:46:46 IST" duration-ms="29016">
      <class name="testCasesTrainBookingFunctionality.TrainSearchToCheckout">
        <test-method is-config="true" signature="bs()[pri:0, instance:testCasesTrainBookingFunctionality.TrainSearchToCheckout@3023df74]" started-at="2025-03-13T12:46:17 IST" name="bs" finished-at="2025-03-13T12:46:17 IST" duration-ms="8" status="PASS">
          <reporter-output>
          </reporter-output>
        </test-method> <!-- bs -->
        <test-method is-config="true" signature="bt()[pri:0, instance:testCasesTrainBookingFunctionality.TrainSearchToCheckout@3023df74]" started-at="2025-03-13T12:46:17 IST" name="bt" finished-at="2025-03-13T12:46:17 IST" duration-ms="0" status="PASS">
          <reporter-output>
          </reporter-output>
        </test-method> <!-- bt -->
        <test-method is-config="true" signature="bc()[pri:0, instance:testCasesTrainBookingFunctionality.TrainSearchToCheckout@3023df74]" started-at="2025-03-13T12:46:17 IST" name="bc" finished-at="2025-03-13T12:46:17 IST" duration-ms="1" status="PASS">
          <reporter-output>
          </reporter-output>
        </test-method> <!-- bc -->
        <test-method is-config="true" signature="bm()[pri:0, instance:testCasesTrainBookingFunctionality.TrainSearchToCheckout@3023df74]" started-at="2025-03-13T12:46:17 IST" name="bm" finished-at="2025-03-13T12:46:21 IST" duration-ms="3132" status="PASS">
          <reporter-output>
          </reporter-output>
        </test-method> <!-- bm -->
        <test-method signature="Script003TrainBookingCheckout()[pri:0, instance:testCasesTrainBookingFunctionality.TrainSearchToCheckout@3023df74]" started-at="2025-03-13T12:46:21 IST" name="Script003TrainBookingCheckout" finished-at="2025-03-13T12:46:46 IST" duration-ms="25014" status="PASS">
          <reporter-output>
          </reporter-output>
        </test-method> <!-- Script003TrainBookingCheckout -->
        <test-method is-config="true" signature="am()[pri:0, instance:testCasesTrainBookingFunctionality.TrainSearchToCheckout@3023df74]" started-at="2025-03-13T12:46:46 IST" name="am" finished-at="2025-03-13T12:46:46 IST" duration-ms="808" status="PASS">
          <reporter-output>
          </reporter-output>
        </test-method> <!-- am -->
        <test-method is-config="true" signature="ac()[pri:0, instance:testCasesTrainBookingFunctionality.TrainSearchToCheckout@3023df74]" started-at="2025-03-13T12:46:46 IST" name="ac" finished-at="2025-03-13T12:46:46 IST" duration-ms="0" status="PASS">
          <reporter-output>
          </reporter-output>
        </test-method> <!-- ac -->
        <test-method is-config="true" signature="at()[pri:0, instance:testCasesTrainBookingFunctionality.TrainSearchToCheckout@3023df74]" started-at="2025-03-13T12:46:46 IST" name="at" finished-at="2025-03-13T12:46:46 IST" duration-ms="0" status="PASS">
          <reporter-output>
          </reporter-output>
        </test-method> <!-- at -->
        <test-method is-config="true" signature="as()[pri:0, instance:testCasesTrainBookingFunctionality.TrainSearchToCheckout@3023df74]" started-at="2025-03-13T12:46:47 IST" name="as" finished-at="2025-03-13T12:46:47 IST" duration-ms="19" status="PASS">
          <reporter-output>
          </reporter-output>
        </test-method> <!-- as -->
      </class> <!-- testCasesTrainBookingFunctionality.TrainSearchToCheckout -->
    </test> <!-- Default test -->
  </suite> <!-- Default suite -->
</testng-results>
